<?xml version="1.0" encoding="UTF-8"?>
<!-- Generated by org.testng.reporters.JUnitReportReporter -->
<testsuite name="com.SpeedSheild.testCases.TC_Login_001" tests="1" time="9.099" ignored="0" failures="0" timestamp="03 Jul 2021 14:32:53 GMT" skipped="0" hostname="192-168-1-103.tpgi.com.au" errors="0">
  <testcase name="loginTestCase" time="9.099" classname="com.SpeedSheild.testCases.TC_Login_001"/>
</testsuite> <!-- com.SpeedSheild.testCases.TC_Login_001 -->
