<?xml version="1.0" encoding="UTF-8"?>
<!-- Generated by org.testng.reporters.JUnitReportReporter -->
<testsuite name="com.SpeedSheild.testCases.TC_FilterByName" tests="1" time="13.833" ignored="0" failures="0" timestamp="04 Jul 2021 01:40:19 GMT" skipped="0" hostname="192-168-1-103.tpgi.com.au" errors="0">
  <testcase name="filterbynames" time="13.833" classname="com.SpeedSheild.testCases.TC_FilterByName"/>
</testsuite> <!-- com.SpeedSheild.testCases.TC_FilterByName -->
