<?xml version="1.0" encoding="UTF-8"?>
<!-- Generated by org.testng.reporters.JUnitReportReporter -->
<testsuite name="com.SpeedSheild.testCases.TC_FilterByName" tests="1" time="19.730" ignored="0" failures="0" timestamp="03 Jul 2021 16:19:14 GMT" skipped="0" hostname="192-168-1-103.tpgi.com.au" errors="0">
  <testcase name="filterbynames" time="19.730" classname="com.SpeedSheild.testCases.TC_FilterByName"/>
</testsuite> <!-- com.SpeedSheild.testCases.TC_FilterByName -->
