<?xml version="1.0" encoding="UTF-8"?>
<!-- Generated by org.testng.reporters.JUnitReportReporter -->
<testsuite name="com.SpeedSheild.testCases.TC_EditOperatorsPhone" tests="1" time="23.066" ignored="0" failures="0" timestamp="04 Jul 2021 02:41:39 GMT" skipped="0" hostname="192-168-1-103.tpgi.com.au" errors="0">
  <testcase name="editOperatorPhoneNumber" time="23.066" classname="com.SpeedSheild.testCases.TC_EditOperatorsPhone"/>
</testsuite> <!-- com.SpeedSheild.testCases.TC_EditOperatorsPhone -->
